app/build/outputs/logs/manifest-merger-debug-report.txt
-- Merging decision tree log ---
manifest
ADDED from src/main/AndroidManifest.xml:2:1-46:12
	package
		ADDED from src/main/AndroidManifest.xml:3:5-36
		INJECTED from src/main/AndroidManifest.xml
		INJECTED from src/main/AndroidManifest.xml
	android:versionName
		ADDED from src/main/AndroidManifest.xml:5:5-30
		INJECTED from src/main/AndroidManifest.xml
		INJECTED from src/main/AndroidManifest.xml
	android:versionCode
		ADDED from src/main/AndroidManifest.xml:4:5-28
		INJECTED from src/main/AndroidManifest.xml
		INJECTED from src/main/AndroidManifest.xml
	xmlns:android
		ADDED from src/main/AndroidManifest.xml:2:11-69
uses-sdk
ADDED from src/main/AndroidManifest.xml:7:5-9:41
	android:targetSdkVersion
		ADDED from src/main/AndroidManifest.xml:9:9-38
		INJECTED from src/main/AndroidManifest.xml
		INJECTED from src/main/AndroidManifest.xml
	android:minSdkVersion
		ADDED from src/main/AndroidManifest.xml:8:9-35
		INJECTED from src/main/AndroidManifest.xml
		INJECTED from src/main/AndroidManifest.xml
application
ADDED from src/main/AndroidManifest.xml:11:5-44:19
	android:label
		ADDED from src/main/AndroidManifest.xml:13:9-41
	android:icon
		ADDED from src/main/AndroidManifest.xml:12:9-45
	android:largeHeap
		ADDED from src/main/AndroidManifest.xml:14:6-30
activity#uk.co.dphin.albumview.ui.android.AlbumList
ADDED from src/main/AndroidManifest.xml:15:9-23:20
	android:label
		ADDED from src/main/AndroidManifest.xml:17:13-45
	android:name
		ADDED from src/main/AndroidManifest.xml:16:13-70
intent-filter#android.intent.action.MAIN+android.intent.category.LAUNCHER
ADDED from src/main/AndroidManifest.xml:18:13-22:29
action#android.intent.action.MAIN
ADDED from src/main/AndroidManifest.xml:19:17-69
	android:name
		ADDED from src/main/AndroidManifest.xml:19:25-66
category#android.intent.category.LAUNCHER
ADDED from src/main/AndroidManifest.xml:21:17-77
	android:name
		ADDED from src/main/AndroidManifest.xml:21:27-74
activity#uk.co.dphin.albumview.ui.android.AlbumEdit
ADDED from src/main/AndroidManifest.xml:24:9-28:20
	android:label
		ADDED from src/main/AndroidManifest.xml:26:13-39
	android:parentActivityName
		ADDED from src/main/AndroidManifest.xml:27:13-63
	android:name
		ADDED from src/main/AndroidManifest.xml:25:13-70
activity#uk.co.dphin.albumview.ui.android.AlbumPlayPaused
ADDED from src/main/AndroidManifest.xml:29:9-33:20
	android:label
		ADDED from src/main/AndroidManifest.xml:31:13-48
	android:parentActivityName
		ADDED from src/main/AndroidManifest.xml:32:13-63
	android:name
		ADDED from src/main/AndroidManifest.xml:30:13-76
activity#uk.co.dphin.albumview.ui.android.AlbumPlay
ADDED from src/main/AndroidManifest.xml:34:9-43:20
	android:label
		ADDED from src/main/AndroidManifest.xml:37:13-62
	android:parentActivityName
		ADDED from src/main/AndroidManifest.xml:38:13-90
	android:configChanges
		ADDED from src/main/AndroidManifest.xml:36:13-74
	android:theme
		ADDED from src/main/AndroidManifest.xml:39:13-71
	android:name
		ADDED from src/main/AndroidManifest.xml:35:13-70
meta-data#android.support.PARENT_ACTIVITY
ADDED from src/main/AndroidManifest.xml:40:13-42:84
	android:value
		ADDED from src/main/AndroidManifest.xml:42:17-81
	android:name
		ADDED from src/main/AndroidManifest.xml:41:17-63